<?xml version="1.0" encoding="utf-8"?><testsuites><testsuite errors="0" failures="0" hostname="project-vm" name="pytest" skipped="0" tests="15" time="9.151" timestamp="2021-05-16T22:57:41.892576"><testcase classname="tests.test_int.TestBase" name="test_server_is_up_and_running" time="0.595" /><testcase classname="tests.test_int.TestHomepage" name="test_homepage" time="1.987" /><testcase classname="tests.test_int.TestHomepage" name="test_server_is_up_and_running" time="1.866" /><testcase classname="tests.test_int.TestAddTeam" name="test_server_is_up_and_running" time="1.612" /><testcase classname="tests.test_int.TestAddPlayer" name="test_server_is_up_and_running" time="1.789" /><testcase classname="tests.test_unit.TestViews" name="test_add_player_get" time="0.085" /><testcase classname="tests.test_unit.TestViews" name="test_add_team_get" time="0.052" /><testcase classname="tests.test_unit.TestViews" name="test_delete_get" time="0.073" /><testcase classname="tests.test_unit.TestViews" name="test_home_get" time="0.047" /><testcase classname="tests.test_unit.TestViews" name="test_update_get" time="0.058" /><testcase classname="tests.test_unit.TestRead" name="test_read_team" time="0.050" /><testcase classname="tests.test_unit.TestAdd_Team" name="test_add_team_team" time="0.063" /><testcase classname="tests.test_unit.TestAdd_Player" name="test_add_player_team" time="0.047" /><testcase classname="tests.test_unit.TestUpdate" name="test_update_team" time="0.060" /><testcase classname="tests.test_unit.TestDelete" name="test_delete_team" time="0.063" /></testsuite></testsuites>